<?xml version="1.0" encoding="UTF-8"?>
<testsuite xmlns:xsi="http://www.w3.org/2001/XMLSchema-instance" xsi:noNamespaceSchemaLocation="https://maven.apache.org/surefire/maven-surefire-plugin/xsd/surefire-test-report.xsd" version="3.0.2" name="com.example.solver.SolverApplicationTests" time="25.091" tests="1" errors="0" skipped="0" failures="0">
  <properties>
[...]
</properties>
  <testcase name="contextLoads" classname="com.example.solver.SolverApplicationTests" time="5.081">
    <system-out><![CDATA[01:56:47.547 [main] INFO org.springframework.test.context.support.AnnotationConfigContextLoaderUtils -- Could not detect default configuration classes for test class [com.example.solver.SolverApplicationTests]: SolverApplicationTests does not declare any static, non-private, non-final, nested classes annotated with @Configuration.
01:56:48.627 [main] INFO org.springframework.boot.test.context.SpringBootTestContextBootstrapper -- Found @SpringBootConfiguration com.example.solver.SolverApplication for test class com.example.solver.SolverApplicationTests
01:56:50.326 [main] INFO org.springframework.boot.devtools.restart.RestartApplicationListener -- Restart disabled due to context in which it is running

  .   ____          _            __ _ _
 /\\ / ___'_ __ _ _(_)_ __  __ _ \ \ \ \
( ( )\___ | '_ | '_| | '_ \/ _` | \ \ \ \
 \\/  ___)| |_)| | | | | || (_| |  ) ) ) )
  '  |____| .__|_| |_|_| |_\__, | / / / /
 =========|_|==============|___/=/_/_/_/

 :: Spring Boot ::                (v3.5.7)

2025-11-19T01:56:54.004+05:30  INFO 12192 --- [solver] [           main] c.example.solver.SolverApplicationTests  : Starting SolverApplicationTests using Java 17.0.16 with PID 12192 (started by bappa402 in C:\Users\91700\Downloads\solver)
2025-11-19T01:56:54.011+05:30  INFO 12192 --- [solver] [           main] c.example.solver.SolverApplicationTests  : No active profile set, falling back to 1 default profile: "default"
2025-11-19T01:57:02.032+05:30  INFO 12192 --- [solver] [           main] o.s.b.a.w.s.WelcomePageHandlerMapping    : Adding welcome page template: index
2025-11-19T01:57:05.995+05:30  INFO 12192 --- [solver] [           main] c.example.solver.SolverApplicationTests  : Started SolverApplicationTests in 15.825 seconds (process running for 27.085)
]]></system-out>
  </testcase>
</testsuite>